xrun(64): 19.09-s010: (c) Copyright 1995-2020 Cadence Design Systems, Inc.
TOOL:	xrun(64)	19.09-s010: Started on Mar 08, 2023 at 15:41:44 HKT
xrun
	-uvm
	+libtext_.v
	+xm64bit
	+xmtimescale+1ns/10ps
	+access+r
	+xmlicq
	+sv
	-seed 121
	+define+SIZE0
	-vlog_ext +.vh
	-disable_sem2009
	-F filelist.f
		./top_tb.sv
		./my_case0.sv
		./my_if.sv
		./my_transaction.sv
		./my_driver.sv
		./my_monitor.sv
		./my_scoreboard.sv
		./my_agent.sv
		./my_model.sv
		./my_env.sv
		./my_sequencer.sv
		./base_test.sv
		../rtl/fft/ram256x32.v
		../rtl/fft/r4r8_1st_pass_core.v
		../rtl/fft/rom_twidTabOdd.v
		../rtl/fft/rom_twidTabEven.v
		../rtl/fft/rom_rev240.v
		../rtl/fft/rom_rev35.v
		../rtl/IMDCT/imdct_alu.v
		../rtl/IMDCT/imdct_rom576x64.v
		../rtl/IMDCT/imdct_rom257x64.v
		../rtl/IMDCT/imdct_state.v
		../rtl/IMDCT/imdct.v
		../rtl/IMDCT/mul_shift32.v
		../rtl/IMDCT/barrel_shifter32_left.v
		../rtl/IMDCT/barrel_shifter32_right.v
		../rtl/IMDCT/ram512x32.v
		../rtl/IMDCT/imdct_with_ram.v
		../rtl/IMDCT/imdct_fft_with_ram256.v
	-y /edatools/xilinx/Vivado/2020.1/data/verilog/src/unisims
	+libext+.v
	-sv_lib libdpi_c_ex.so
	-input uvm.cmd
	-covoverwrite
	-coverage B
	-covdut imdct_fft_with_ram256
	-covtest test_cov_appo/

   User defined plus("+") options:
	+libtext_.v

Compiling UVM packages (uvm_pkg.sv cdns_uvm_pkg.sv) using uvmhome location /edatools/cadence/XCELIUM-19.09.010/tools/methodology/UVM/CDNS-1.1d
file: ././top_tb.sv
	interface worklib.my_if:sv
		errors: 0, warnings: 0
	module worklib.top_tb:sv
		errors: 0, warnings: 0
file: ./../rtl/fft/ram256x32.v
	module worklib.ram256x32:v
		errors: 0, warnings: 0
file: ./../rtl/fft/r4r8_1st_pass_core.v
	module worklib.r4r8_1st_pass_core:v
		errors: 0, warnings: 0
file: ./../rtl/fft/rom_twidTabOdd.v
	module worklib.rom_twidTabOdd:v
		errors: 0, warnings: 0
file: ./../rtl/fft/rom_twidTabEven.v
	module worklib.rom_twidTabEven:v
		errors: 0, warnings: 0
file: ./../rtl/fft/rom_rev240.v
	module worklib.rom_rev240:v
		errors: 0, warnings: 0
file: ./../rtl/fft/rom_rev35.v
	module worklib.rom_rev35:v
		errors: 0, warnings: 0
file: ./../rtl/IMDCT/imdct_alu.v
	module worklib.imdct_alu:v
		errors: 0, warnings: 0
file: ./../rtl/IMDCT/imdct_rom576x64.v
	module worklib.imdct_rom576x64:v
		errors: 0, warnings: 0
file: ./../rtl/IMDCT/imdct_rom257x64.v
	module worklib.imdct_rom257x64:v
		errors: 0, warnings: 0
file: ./../rtl/IMDCT/imdct_state.v
	module worklib.imdct_state:v
		errors: 0, warnings: 0
file: ./../rtl/IMDCT/imdct.v
	module worklib.imdct:v
		errors: 0, warnings: 0
file: ./../rtl/IMDCT/mul_shift32.v
	module worklib.mul_shift32:v
		errors: 0, warnings: 0
file: ./../rtl/IMDCT/barrel_shifter32_left.v
	module worklib.barrel_shifter32_left:v
		errors: 0, warnings: 0
file: ./../rtl/IMDCT/barrel_shifter32_right.v
	module worklib.barrel_shifter32_right:v
		errors: 0, warnings: 0
file: ./../rtl/IMDCT/ram512x32.v
	module worklib.ram512x32:v
		errors: 0, warnings: 0
file: ./../rtl/IMDCT/imdct_with_ram.v
	module worklib.imdct_with_ram:v
		errors: 0, warnings: 0
file: ./../rtl/IMDCT/imdct_fft_with_ram256.v
	module worklib.imdct_fft_with_ram256:v
		errors: 0, warnings: 0
xmvlog: *W,LIBNOU: Library "/edatools/xilinx/Vivado/2020.1/data/verilog/src/unisims" given but not used.
	Total errors/warnings found outside modules and primitives:
		errors: 0, warnings: 1
		Caching library 'worklib' ....... Done
	Elaborating the design hierarchy:
	Top level design units:
		uvm_pkg
		cdns_uvmapi
		cdns_assert2uvm_pkg
		cdns_uvm_pkg
		$unit_0x7491a3e4
		top_tb
		imdct_with_ram
	 tr.we     = vif.we;//((tr.we == RD) ? 0 : 1);
	               |
xmelab: *W,ENUMERR (./my_monitor.sv,42|16): This assignment is a violation of SystemVerilog strong typing rules for enumeration datatypes.
	 tr.func   = vif.func;
	               |
xmelab: *W,ENUMERR (./my_monitor.sv,50|16): This assignment is a violation of SystemVerilog strong typing rules for enumeration datatypes.
	Building instance overlay tables: .................... Done
	Enabling instrumentation for coverage types: block
	Generating native compiled code:
		worklib.imdct_rom257x64:v <0x6e6c68a3>
			streams:   3, words: 14132
		worklib.imdct_rom576x64:v <0x7c9b8234>
			streams:   3, words: 31497
		worklib.imdct_state:v <0x424b116c>
			streams:  12, words:  4681
		worklib.barrel_shifter32_left:v <0x35dd4a34>
			streams:   1, words:  1351
		worklib.mul_shift32:v <0x0b6d5aac>
			streams:   3, words:   699
		worklib.barrel_shifter32_right:v <0x7500fff1>
			streams:   1, words:  2931
		worklib.imdct_alu:v <0x1084bca1>
			streams:  26, words:  7565
		worklib.imdct:v <0x20956b7c>
			streams:  11, words:  3591
		worklib.ram512x32:v <0x0ade39a4>
			streams:   4, words:  1242
		worklib.imdct_with_ram:v <0x52ea8684>
			streams:  15, words:  4192
		worklib.rom_rev35:v <0x5a94141b>
			streams:   3, words:  2316
		worklib.rom_rev240:v <0x1a7de3d5>
			streams:   3, words:  9431
		worklib.rom_twidTabOdd:v <0x7db16c2c>
			streams:   3, words: 33391
		worklib.rom_twidTabEven:v <0x6f5e37d0>
			streams:   3, words: 15643
		worklib.r4r8_1st_pass_core:v <0x7c48bd57>
			streams: 118, words: 81038
		worklib.imdct_rom257x64:v <0x42692300>
			streams:   3, words: 14183
		worklib.imdct_rom576x64:v <0x509ec997>
			streams:   3, words: 31548
		worklib.imdct_state:v <0x69459f36>
			streams:  12, words:  5126
		worklib.barrel_shifter32_left:v <0x4f576467>
			streams:   1, words:  5163
		worklib.mul_shift32:v <0x7c67fd2a>
			streams:   3, words:   744
		worklib.barrel_shifter32_right:v <0x7029d529>
			streams:   1, words:  6555
		worklib.imdct_alu:v <0x1b8865ec>
			streams:  26, words:  8675
		worklib.imdct:v <0x6c1f2386>
			streams:  11, words:  3681
		worklib.ram256x32:v <0x08825cda>
			streams:   4, words:  1344
		worklib.imdct_fft_with_ram256:v <0x0a8b0822>
			streams:  69, words: 26168
		worklib.uvm_pkg:sv <0x45a651c8>
			streams:  23, words: 19162
		worklib.\$unit_0x7491a3e4 :compilation_unit <0x09dabb4c>
			streams:  24, words: 20913
		worklib.uvm_pkg:sv <0x3a3b95b1>
			streams:  40, words: 32753
		worklib.uvm_pkg:sv <0x6b0fe511>
			streams:  24, words: 20747
		worklib.uvm_pkg:sv <0x3177948e>
			streams:  47, words: 49953
		worklib.uvm_pkg:sv <0x0c8fe08d>
			streams:  25, words: 27990
		worklib.uvm_pkg:sv <0x00d509cb>
			streams:  24, words: 29908
		worklib.uvm_pkg:sv <0x54225dca>
			streams:  33, words: 44620
		worklib.uvm_pkg:sv <0x26af50bc>
			streams:  35, words: 68895
		worklib.uvm_pkg:sv <0x23b9e466>
			streams: 298, words: 337826
		worklib.uvm_pkg:sv <0x09521c67>
			streams:  24, words: 75687
		worklib.top_tb:sv <0x11c5af16>
			streams:  89, words: 104021
		worklib.\$unit_0x7491a3e4 :compilation_unit <0x044fce17>
			streams:   0, words:     0
	Building instance specific data structures.
	Loading native compiled code:     .................... Done
	Design hierarchy summary:
		                       Instances  Unique
		Modules:                      46      18
		Interfaces:                    2       1
		Verilog packages:              4       4
		Registers:                 14263   10376
		Scalar wires:                 76       -
		Expanded wires:               18       2
		Vectored wires:              224       -
		Named events:                  4      12
		Always blocks:                87      41
		Initial blocks:              300     165
		Parallel blocks:              27      28
		Cont. assignments:           141     151
		Pseudo assignments:           26      26
		Assertions:                    2       2
		Compilation units:             1       1
		SV Class declarations:       202     314
		SV Class specializations:    387     387
		Simulation timescale:        1ps
	Writing initial simulation snapshot: worklib.top_tb:sv
Loading snapshot worklib.top_tb:sv .................... Done
xmsim: *W,XCLGNOPTM: The SystemVerilog constraint solver Xceligen options 'seed_only_rand and process_alternate_rng and ignore_worklib_name' are not specified and will default to 0. The recommended value for each of them is 1 which will become the default in a future release.
SVSEED set from command line: 121
xmsim: *W,RNDXCELON: Xceligen, the new SystemVerilog constraint solver is used. Disabling Xceligen and using the legacy constraint solver is possible with "xrun/xmsim -xceligen on=0 ...".
xcelium> source /edatools/cadence/XCELIUM-19.09.010/tools/xcelium/files/xmsimrc
xcelium> source /edatools/cadence/XCELIUM-19.09.010/tools/methodology/UVM/CDNS-1.1d/additions/sv/files/tcl/uvm_sim.tcl
xcelium> database -open -shm uvm
Created SHM database uvm
xcelium> probe -create -database uvm -shm -memories -all -depth all top_tb
Created probe 1
xcelium> run
----------------------------------------------------------------
CDNS-UVM-1.1d (19.09-s010)
(C) 2007-2013 Mentor Graphics Corporation
(C) 2007-2013 Cadence Design Systems, Inc.
(C) 2006-2013 Synopsys, Inc.
(C) 2011-2013 Cypress Semiconductor Corp.
----------------------------------------------------------------

  ***********       IMPORTANT RELEASE NOTES         ************

  You are using a version of the UVM library that has been compiled
  with `UVM_NO_DEPRECATED undefined.
  See http://www.eda.org/svdb/view.php?id=3313 for more details.

  You are using a version of the UVM library that has been compiled
  with `UVM_OBJECT_MUST_HAVE_CONSTRUCTOR undefined.
  See http://www.eda.org/svdb/view.php?id=3770 for more details.

      (Specify +UVM_NO_RELNOTES to turn off this notice)

UVM_INFO @ 0: reporter [RNTST] Running test my_case0...
UVM_INFO @ 0: reporter [UVMTOP] UVM testbench topology:
uvm_test_top: (my_case0@2671) {
  env: (my_env@2789) {
    agt_mdl_fifo: (uvm_tlm_analysis_fifo #(T)@3230) {
      analysis_export: (uvm_analysis_imp@3471) @3471 
      get_ap: (uvm_analysis_port@3422) @3422 
      get_peek_export: (uvm_get_peek_imp@3326) @3326 
      put_ap: (uvm_analysis_port@3374) @3374 
      put_export: (uvm_put_imp@3278) @3278 
    }
    agt_scb_fifo: (uvm_tlm_analysis_fifo #(T)@2891) {
      analysis_export: (uvm_analysis_imp@3200) @3200 
      get_ap: (uvm_analysis_port@3150) @3150 
      get_peek_export: (uvm_get_peek_imp@3052) @3052 
      put_ap: (uvm_analysis_port@3101) @3101 
      put_export: (uvm_put_imp@3001) @3001 
    }
    i_agt: (my_agent@2832) {
      drv: (my_driver@4420) {
        rsp_port: (uvm_analysis_port@4519) @4519 
        seq_item_port: (uvm_seq_item_pull_port@4470) @4470 
      }
      mon: (my_monitor@4499) {
        ap: (uvm_analysis_port@4605) @4605 
      }
      sqr: (my_sequencer@3787) {
        rsp_export: (uvm_analysis_export@3845) @3845 
        seq_item_export: (uvm_seq_item_pull_imp@4389) @4389 
        arbitration_queue: - 
        lock_queue: - 
        num_last_reqs: 'd1 
        num_last_rsps: 'd1 
      }
    }
    mdl: (my_model@2892) {
      ap: (uvm_analysis_port@4724) @4724 
      port: (uvm_blocking_get_port@4675) @4675 
    }
    mdl_scb_fifo: (uvm_tlm_analysis_fifo #(T)@3501) {
      analysis_export: (uvm_analysis_imp@3742) @3742 
      get_ap: (uvm_analysis_port@3693) @3693 
      get_peek_export: (uvm_get_peek_imp@3597) @3597 
      put_ap: (uvm_analysis_port@3645) @3645 
      put_export: (uvm_put_imp@3549) @3549 
    }
    o_agt: (my_agent@2862) {
      mon: (my_monitor@4761) {
        ap: (uvm_analysis_port@4811) @4811 
      }
    }
    scb: (my_scoreboard@2922) {
      act_port: (uvm_blocking_get_port@4911) @4911 
      exp_port: (uvm_blocking_get_port@4862) @4862 
    }
  }
}

uvm_test_top.env.i_agt.sqr.case0_sequence
UVM_INFO my_scoreboard.sv(47) @ 174100000: uvm_test_top.env.scb [my_scoreboard] NO.1 data compare sucessfully
UVM_INFO my_scoreboard.sv(47) @ 174300000: uvm_test_top.env.scb [my_scoreboard] NO.2 data compare sucessfully
UVM_INFO my_scoreboard.sv(47) @ 174500000: uvm_test_top.env.scb [my_scoreboard] NO.3 data compare sucessfully
UVM_INFO my_scoreboard.sv(47) @ 174700000: uvm_test_top.env.scb [my_scoreboard] NO.4 data compare sucessfully
UVM_INFO my_scoreboard.sv(47) @ 174900000: uvm_test_top.env.scb [my_scoreboard] NO.5 data compare sucessfully
UVM_INFO my_scoreboard.sv(47) @ 175100000: uvm_test_top.env.scb [my_scoreboard] NO.6 data compare sucessfully
UVM_INFO my_scoreboard.sv(47) @ 175300000: uvm_test_top.env.scb [my_scoreboard] NO.7 data compare sucessfully
UVM_INFO my_scoreboard.sv(47) @ 175500000: uvm_test_top.env.scb [my_scoreboard] NO.8 data compare sucessfully
UVM_INFO my_scoreboard.sv(47) @ 175700000: uvm_test_top.env.scb [my_scoreboard] NO.9 data compare sucessfully
UVM_INFO my_scoreboard.sv(47) @ 175900000: uvm_test_top.env.scb [my_scoreboard] NO.10 data compare sucessfully
UVM_INFO my_scoreboard.sv(47) @ 176100000: uvm_test_top.env.scb [my_scoreboard] NO.11 data compare sucessfully
UVM_INFO my_scoreboard.sv(47) @ 176300000: uvm_test_top.env.scb [my_scoreboard] NO.12 data compare sucessfully
UVM_INFO my_scoreboard.sv(47) @ 176500000: uvm_test_top.env.scb [my_scoreboard] NO.13 data compare sucessfully
UVM_INFO my_scoreboard.sv(47) @ 176700000: uvm_test_top.env.scb [my_scoreboard] NO.14 data compare sucessfully
UVM_INFO my_scoreboard.sv(47) @ 176900000: uvm_test_top.env.scb [my_scoreboard] NO.15 data compare sucessfully
UVM_INFO my_scoreboard.sv(47) @ 177100000: uvm_test_top.env.scb [my_scoreboard] NO.16 data compare sucessfully
UVM_INFO my_scoreboard.sv(47) @ 177300000: uvm_test_top.env.scb [my_scoreboard] NO.17 data compare sucessfully
UVM_INFO my_scoreboard.sv(47) @ 177500000: uvm_test_top.env.scb [my_scoreboard] NO.18 data compare sucessfully
UVM_INFO my_scoreboard.sv(47) @ 177700000: uvm_test_top.env.scb [my_scoreboard] NO.19 data compare sucessfully
UVM_INFO my_scoreboard.sv(47) @ 177900000: uvm_test_top.env.scb [my_scoreboard] NO.20 data compare sucessfully
UVM_INFO my_scoreboard.sv(47) @ 178100000: uvm_test_top.env.scb [my_scoreboard] NO.21 data compare sucessfully
UVM_INFO my_scoreboard.sv(47) @ 178300000: uvm_test_top.env.scb [my_scoreboard] NO.22 data compare sucessfully
UVM_INFO my_scoreboard.sv(47) @ 178500000: uvm_test_top.env.scb [my_scoreboard] NO.23 data compare sucessfully
UVM_INFO my_scoreboard.sv(47) @ 178700000: uvm_test_top.env.scb [my_scoreboard] NO.24 data compare sucessfully
UVM_INFO my_scoreboard.sv(47) @ 178900000: uvm_test_top.env.scb [my_scoreboard] NO.25 data compare sucessfully
UVM_INFO my_scoreboard.sv(47) @ 179100000: uvm_test_top.env.scb [my_scoreboard] NO.26 data compare sucessfully
UVM_INFO my_scoreboard.sv(47) @ 179300000: uvm_test_top.env.scb [my_scoreboard] NO.27 data compare sucessfully
UVM_INFO my_scoreboard.sv(47) @ 179500000: uvm_test_top.env.scb [my_scoreboard] NO.28 data compare sucessfully
UVM_INFO my_scoreboard.sv(47) @ 179700000: uvm_test_top.env.scb [my_scoreboard] NO.29 data compare sucessfully
UVM_INFO my_scoreboard.sv(47) @ 179900000: uvm_test_top.env.scb [my_scoreboard] NO.30 data compare sucessfully
UVM_INFO my_scoreboard.sv(47) @ 180100000: uvm_test_top.env.scb [my_scoreboard] NO.31 data compare sucessfully
UVM_INFO my_scoreboard.sv(47) @ 180300000: uvm_test_top.env.scb [my_scoreboard] NO.32 data compare sucessfully
UVM_INFO my_scoreboard.sv(47) @ 180500000: uvm_test_top.env.scb [my_scoreboard] NO.33 data compare sucessfully
UVM_INFO my_scoreboard.sv(47) @ 180700000: uvm_test_top.env.scb [my_scoreboard] NO.34 data compare sucessfully
UVM_INFO my_scoreboard.sv(47) @ 180900000: uvm_test_top.env.scb [my_scoreboard] NO.35 data compare sucessfully
UVM_INFO my_scoreboard.sv(47) @ 181100000: uvm_test_top.env.scb [my_scoreboard] NO.36 data compare sucessfully
UVM_INFO my_scoreboard.sv(47) @ 181300000: uvm_test_top.env.scb [my_scoreboard] NO.37 data compare sucessfully
UVM_INFO my_scoreboard.sv(47) @ 181500000: uvm_test_top.env.scb [my_scoreboard] NO.38 data compare sucessfully
UVM_INFO my_scoreboard.sv(47) @ 181700000: uvm_test_top.env.scb [my_scoreboard] NO.39 data compare sucessfully
UVM_INFO my_scoreboard.sv(47) @ 181900000: uvm_test_top.env.scb [my_scoreboard] NO.40 data compare sucessfully
UVM_INFO my_scoreboard.sv(47) @ 182100000: uvm_test_top.env.scb [my_scoreboard] NO.41 data compare sucessfully
UVM_INFO my_scoreboard.sv(47) @ 182300000: uvm_test_top.env.scb [my_scoreboard] NO.42 data compare sucessfully
UVM_INFO my_scoreboard.sv(47) @ 182500000: uvm_test_top.env.scb [my_scoreboard] NO.43 data compare sucessfully
UVM_INFO my_scoreboard.sv(47) @ 182700000: uvm_test_top.env.scb [my_scoreboard] NO.44 data compare sucessfully
UVM_INFO my_scoreboard.sv(47) @ 182900000: uvm_test_top.env.scb [my_scoreboard] NO.45 data compare sucessfully
UVM_INFO my_scoreboard.sv(47) @ 183100000: uvm_test_top.env.scb [my_scoreboard] NO.46 data compare sucessfully
UVM_INFO my_scoreboard.sv(47) @ 183300000: uvm_test_top.env.scb [my_scoreboard] NO.47 data compare sucessfully
UVM_INFO my_scoreboard.sv(47) @ 183500000: uvm_test_top.env.scb [my_scoreboard] NO.48 data compare sucessfully
UVM_INFO my_scoreboard.sv(47) @ 183700000: uvm_test_top.env.scb [my_scoreboard] NO.49 data compare sucessfully
UVM_INFO my_scoreboard.sv(47) @ 183900000: uvm_test_top.env.scb [my_scoreboard] NO.50 data compare sucessfully
UVM_INFO my_scoreboard.sv(47) @ 184100000: uvm_test_top.env.scb [my_scoreboard] NO.51 data compare sucessfully
UVM_INFO my_scoreboard.sv(47) @ 184300000: uvm_test_top.env.scb [my_scoreboard] NO.52 data compare sucessfully
UVM_INFO my_scoreboard.sv(47) @ 184500000: uvm_test_top.env.scb [my_scoreboard] NO.53 data compare sucessfully
UVM_INFO my_scoreboard.sv(47) @ 184700000: uvm_test_top.env.scb [my_scoreboard] NO.54 data compare sucessfully
UVM_INFO my_scoreboard.sv(47) @ 184900000: uvm_test_top.env.scb [my_scoreboard] NO.55 data compare sucessfully
UVM_INFO my_scoreboard.sv(47) @ 185100000: uvm_test_top.env.scb [my_scoreboard] NO.56 data compare sucessfully
UVM_INFO my_scoreboard.sv(47) @ 185300000: uvm_test_top.env.scb [my_scoreboard] NO.57 data compare sucessfully
UVM_INFO my_scoreboard.sv(47) @ 185500000: uvm_test_top.env.scb [my_scoreboard] NO.58 data compare sucessfully
UVM_INFO my_scoreboard.sv(47) @ 185700000: uvm_test_top.env.scb [my_scoreboard] NO.59 data compare sucessfully
UVM_INFO my_scoreboard.sv(47) @ 185900000: uvm_test_top.env.scb [my_scoreboard] NO.60 data compare sucessfully
UVM_INFO my_scoreboard.sv(47) @ 186100000: uvm_test_top.env.scb [my_scoreboard] NO.61 data compare sucessfully
UVM_INFO my_scoreboard.sv(47) @ 186300000: uvm_test_top.env.scb [my_scoreboard] NO.62 data compare sucessfully
UVM_INFO my_scoreboard.sv(47) @ 186500000: uvm_test_top.env.scb [my_scoreboard] NO.63 data compare sucessfully
UVM_INFO my_scoreboard.sv(47) @ 186700000: uvm_test_top.env.scb [my_scoreboard] NO.64 data compare sucessfully
UVM_INFO my_scoreboard.sv(47) @ 186900000: uvm_test_top.env.scb [my_scoreboard] NO.65 data compare sucessfully
UVM_INFO my_scoreboard.sv(47) @ 187100000: uvm_test_top.env.scb [my_scoreboard] NO.66 data compare sucessfully
UVM_INFO my_scoreboard.sv(47) @ 187300000: uvm_test_top.env.scb [my_scoreboard] NO.67 data compare sucessfully
UVM_INFO my_scoreboard.sv(47) @ 187500000: uvm_test_top.env.scb [my_scoreboard] NO.68 data compare sucessfully
UVM_INFO my_scoreboard.sv(47) @ 187700000: uvm_test_top.env.scb [my_scoreboard] NO.69 data compare sucessfully
UVM_INFO my_scoreboard.sv(47) @ 187900000: uvm_test_top.env.scb [my_scoreboard] NO.70 data compare sucessfully
UVM_INFO my_scoreboard.sv(47) @ 188100000: uvm_test_top.env.scb [my_scoreboard] NO.71 data compare sucessfully
UVM_INFO my_scoreboard.sv(47) @ 188300000: uvm_test_top.env.scb [my_scoreboard] NO.72 data compare sucessfully
UVM_INFO my_scoreboard.sv(47) @ 188500000: uvm_test_top.env.scb [my_scoreboard] NO.73 data compare sucessfully
UVM_INFO my_scoreboard.sv(47) @ 188700000: uvm_test_top.env.scb [my_scoreboard] NO.74 data compare sucessfully
UVM_INFO my_scoreboard.sv(47) @ 188900000: uvm_test_top.env.scb [my_scoreboard] NO.75 data compare sucessfully
UVM_INFO my_scoreboard.sv(47) @ 189100000: uvm_test_top.env.scb [my_scoreboard] NO.76 data compare sucessfully
UVM_INFO my_scoreboard.sv(47) @ 189300000: uvm_test_top.env.scb [my_scoreboard] NO.77 data compare sucessfully
UVM_INFO my_scoreboard.sv(47) @ 189500000: uvm_test_top.env.scb [my_scoreboard] NO.78 data compare sucessfully
UVM_INFO my_scoreboard.sv(47) @ 189700000: uvm_test_top.env.scb [my_scoreboard] NO.79 data compare sucessfully
UVM_INFO my_scoreboard.sv(47) @ 189900000: uvm_test_top.env.scb [my_scoreboard] NO.80 data compare sucessfully
UVM_INFO my_scoreboard.sv(47) @ 190100000: uvm_test_top.env.scb [my_scoreboard] NO.81 data compare sucessfully
UVM_INFO my_scoreboard.sv(47) @ 190300000: uvm_test_top.env.scb [my_scoreboard] NO.82 data compare sucessfully
UVM_INFO my_scoreboard.sv(47) @ 190500000: uvm_test_top.env.scb [my_scoreboard] NO.83 data compare sucessfully
UVM_INFO my_scoreboard.sv(47) @ 190700000: uvm_test_top.env.scb [my_scoreboard] NO.84 data compare sucessfully
UVM_INFO my_scoreboard.sv(47) @ 190900000: uvm_test_top.env.scb [my_scoreboard] NO.85 data compare sucessfully
UVM_INFO my_scoreboard.sv(47) @ 191100000: uvm_test_top.env.scb [my_scoreboard] NO.86 data compare sucessfully
UVM_INFO my_scoreboard.sv(47) @ 191300000: uvm_test_top.env.scb [my_scoreboard] NO.87 data compare sucessfully
UVM_INFO my_scoreboard.sv(47) @ 191500000: uvm_test_top.env.scb [my_scoreboard] NO.88 data compare sucessfully
UVM_INFO my_scoreboard.sv(47) @ 191700000: uvm_test_top.env.scb [my_scoreboard] NO.89 data compare sucessfully
UVM_INFO my_scoreboard.sv(47) @ 191900000: uvm_test_top.env.scb [my_scoreboard] NO.90 data compare sucessfully
UVM_INFO my_scoreboard.sv(47) @ 192100000: uvm_test_top.env.scb [my_scoreboard] NO.91 data compare sucessfully
UVM_INFO my_scoreboard.sv(47) @ 192300000: uvm_test_top.env.scb [my_scoreboard] NO.92 data compare sucessfully
UVM_INFO my_scoreboard.sv(47) @ 192500000: uvm_test_top.env.scb [my_scoreboard] NO.93 data compare sucessfully
UVM_INFO my_scoreboard.sv(47) @ 192700000: uvm_test_top.env.scb [my_scoreboard] NO.94 data compare sucessfully
UVM_INFO my_scoreboard.sv(47) @ 192900000: uvm_test_top.env.scb [my_scoreboard] NO.95 data compare sucessfully
UVM_INFO my_scoreboard.sv(47) @ 193100000: uvm_test_top.env.scb [my_scoreboard] NO.96 data compare sucessfully
UVM_INFO my_scoreboard.sv(47) @ 193300000: uvm_test_top.env.scb [my_scoreboard] NO.97 data compare sucessfully
UVM_INFO my_scoreboard.sv(47) @ 193500000: uvm_test_top.env.scb [my_scoreboard] NO.98 data compare sucessfully
UVM_INFO my_scoreboard.sv(47) @ 193700000: uvm_test_top.env.scb [my_scoreboard] NO.99 data compare sucessfully
UVM_INFO my_scoreboard.sv(47) @ 193900000: uvm_test_top.env.scb [my_scoreboard] NO.100 data compare sucessfully
UVM_INFO my_scoreboard.sv(47) @ 194100000: uvm_test_top.env.scb [my_scoreboard] NO.101 data compare sucessfully
UVM_INFO my_scoreboard.sv(47) @ 194300000: uvm_test_top.env.scb [my_scoreboard] NO.102 data compare sucessfully
UVM_INFO my_scoreboard.sv(47) @ 194500000: uvm_test_top.env.scb [my_scoreboard] NO.103 data compare sucessfully
UVM_INFO my_scoreboard.sv(47) @ 194700000: uvm_test_top.env.scb [my_scoreboard] NO.104 data compare sucessfully
UVM_INFO my_scoreboard.sv(47) @ 194900000: uvm_test_top.env.scb [my_scoreboard] NO.105 data compare sucessfully
UVM_INFO my_scoreboard.sv(47) @ 195100000: uvm_test_top.env.scb [my_scoreboard] NO.106 data compare sucessfully
UVM_INFO my_scoreboard.sv(47) @ 195300000: uvm_test_top.env.scb [my_scoreboard] NO.107 data compare sucessfully
UVM_INFO my_scoreboard.sv(47) @ 195500000: uvm_test_top.env.scb [my_scoreboard] NO.108 data compare sucessfully
UVM_INFO my_scoreboard.sv(47) @ 195700000: uvm_test_top.env.scb [my_scoreboard] NO.109 data compare sucessfully
UVM_INFO my_scoreboard.sv(47) @ 195900000: uvm_test_top.env.scb [my_scoreboard] NO.110 data compare sucessfully
UVM_INFO my_scoreboard.sv(47) @ 196100000: uvm_test_top.env.scb [my_scoreboard] NO.111 data compare sucessfully
UVM_INFO my_scoreboard.sv(47) @ 196300000: uvm_test_top.env.scb [my_scoreboard] NO.112 data compare sucessfully
UVM_INFO my_scoreboard.sv(47) @ 196500000: uvm_test_top.env.scb [my_scoreboard] NO.113 data compare sucessfully
UVM_INFO my_scoreboard.sv(47) @ 196700000: uvm_test_top.env.scb [my_scoreboard] NO.114 data compare sucessfully
UVM_INFO my_scoreboard.sv(47) @ 196900000: uvm_test_top.env.scb [my_scoreboard] NO.115 data compare sucessfully
UVM_INFO my_scoreboard.sv(47) @ 197100000: uvm_test_top.env.scb [my_scoreboard] NO.116 data compare sucessfully
UVM_INFO my_scoreboard.sv(47) @ 197300000: uvm_test_top.env.scb [my_scoreboard] NO.117 data compare sucessfully
UVM_INFO my_scoreboard.sv(47) @ 197500000: uvm_test_top.env.scb [my_scoreboard] NO.118 data compare sucessfully
UVM_INFO my_scoreboard.sv(47) @ 197700000: uvm_test_top.env.scb [my_scoreboard] NO.119 data compare sucessfully
UVM_INFO my_scoreboard.sv(47) @ 197900000: uvm_test_top.env.scb [my_scoreboard] NO.120 data compare sucessfully
UVM_INFO my_scoreboard.sv(47) @ 198100000: uvm_test_top.env.scb [my_scoreboard] NO.121 data compare sucessfully
UVM_INFO my_scoreboard.sv(47) @ 198300000: uvm_test_top.env.scb [my_scoreboard] NO.122 data compare sucessfully
UVM_INFO my_scoreboard.sv(47) @ 198500000: uvm_test_top.env.scb [my_scoreboard] NO.123 data compare sucessfully
UVM_INFO my_scoreboard.sv(47) @ 198700000: uvm_test_top.env.scb [my_scoreboard] NO.124 data compare sucessfully
UVM_INFO my_scoreboard.sv(47) @ 198900000: uvm_test_top.env.scb [my_scoreboard] NO.125 data compare sucessfully
UVM_INFO my_scoreboard.sv(47) @ 199100000: uvm_test_top.env.scb [my_scoreboard] NO.126 data compare sucessfully
UVM_INFO my_scoreboard.sv(47) @ 199300000: uvm_test_top.env.scb [my_scoreboard] NO.127 data compare sucessfully
UVM_INFO my_scoreboard.sv(47) @ 199500000: uvm_test_top.env.scb [my_scoreboard] NO.128 data compare sucessfully
TEST CASE PASSED

--- UVM Report catcher Summary ---


Number of demoted UVM_FATAL reports  :    0
Number of demoted UVM_ERROR reports  :    0
Number of demoted UVM_WARNING reports:    0
Number of caught UVM_FATAL reports   :    0
Number of caught UVM_ERROR reports   :    0
Number of caught UVM_WARNING reports :    0

--- UVM Report Summary ---

** Report counts by severity
UVM_INFO :  130
UVM_WARNING :    0
UVM_ERROR :    0
UVM_FATAL :    0
** Report counts by id
[RNTST]     1
[UVMTOP]     1
[my_scoreboard]   128
Simulation complete via $finish(1) at time 199800 NS + 85
/edatools/cadence/XCELIUM-19.09.010/tools/methodology/UVM/CDNS-1.1d/sv/src/base/uvm_root.svh:457     $finish;
xcelium> 
xcelium> exit

coverage setup:
  workdir  :  ./cov_work
  dutinst  :  top_tb.imdct_fft_with_ram256_inst(imdct_fft_with_ram256)
  scope    :  scope
  testname :  test_cov_appo/

coverage files:
  model(design data) :  ./cov_work/scope/icc_47da2a22_00000000.ucm (reused)
  data               :  ./cov_work/scope/test_cov_appo//icc_47da2a22_00000000.ucd
TOOL:	xrun(64)	19.09-s010: Exiting on Mar 08, 2023 at 15:41:47 HKT  (total: 00:00:03)
