IMC(64): 21.03-s001: (c) Copyright 1995-2021 Cadence Design Systems Inc - Simulator version: 21.03-s001 - Coverage engine version: 21.03-s001
Starting batch mode
imc> merge ./test_cov_appo1 ./test_cov_appo2 initial_model union_all -out result
imc: *W,MGURTS: The merge command could not resolve the run specification cov_work/scope/initial_model. Verify the existence of a UCD file in the specified run, and rerun the command.
imc: *W,MGURTS: The merge command could not resolve the run specification cov_work/scope/union_all. Verify the existence of a UCD file in the specified run, and rerun the command.
imc: *I,MERGL1: Merging Simulation Coverage ...
----------------------------
imc: *I,MERGL1: Preparing target model ...
imc: *I,MERGL1: Reading model of primary run (./test_cov_appo1) as initial model: ./icc_656c3eed_00000000.ucm
imc: *I,MERGL1: Target model generated successfully.
imc: *I,MERGL1: Projecting Simulation ucd data into the target model ...
imc: *I,MERGL2:   ./test_cov_appo1:
imc: *I,MERGL3:       Data is projected in to the target model.
imc: *I,MERGL2:   ./test_cov_appo2:
imc: *I,MERGL3:       Data is projected in to the target model.
imc: *I,MERGL1: Writing output database cov_work/scope/result:
imc: *I,MERGL2:   Model: cov_work/scope/result/icc_656c3eed_00000000.ucm
imc: *I,MERGL2:   Data : cov_work/scope/result/icc_656c3eed_00000000.ucd
imc: *I,MERGL1: No Specman coverage databases found in the runs.
Total conflicts during target model creation: 0
Total items not merged                      : 0
Total runs not considered during target model creation: 0
Total runs not merged                                 : 0
